2023-02-01 12:53:14,784 ERROR: Exception on / [GET] [in /home/nihad/FLASK MICROBLOG/Flask_Microblog/micro/lib/python3.10/site-packages/flask/app.py:1741]
Traceback (most recent call last):
  File "/home/nihad/FLASK MICROBLOG/Flask_Microblog/micro/lib/python3.10/site-packages/flask/app.py", line 2525, in wsgi_app
    response = self.full_dispatch_request()
  File "/home/nihad/FLASK MICROBLOG/Flask_Microblog/micro/lib/python3.10/site-packages/flask/app.py", line 1822, in full_dispatch_request
    rv = self.handle_user_exception(e)
  File "/home/nihad/FLASK MICROBLOG/Flask_Microblog/micro/lib/python3.10/site-packages/flask/app.py", line 1820, in full_dispatch_request
    rv = self.dispatch_request()
  File "/home/nihad/FLASK MICROBLOG/Flask_Microblog/micro/lib/python3.10/site-packages/flask/app.py", line 1796, in dispatch_request
    return self.ensure_sync(self.view_functions[rule.endpoint])(**view_args)
  File "/home/nihad/FLASK MICROBLOG/Flask_Microblog/micro/lib/python3.10/site-packages/flask_login/utils.py", line 290, in decorated_view
    return current_app.ensure_sync(func)(*args, **kwargs)
  File "/home/nihad/FLASK MICROBLOG/Flask_Microblog/app/main/routes.py", line 45, in index
    return render_template('index.html', title=_('Home'), form=form,
  File "/home/nihad/FLASK MICROBLOG/Flask_Microblog/micro/lib/python3.10/site-packages/flask/templating.py", line 147, in render_template
    return _render(app, template, context)
  File "/home/nihad/FLASK MICROBLOG/Flask_Microblog/micro/lib/python3.10/site-packages/flask/templating.py", line 130, in _render
    rv = template.render(context)
  File "/home/nihad/FLASK MICROBLOG/Flask_Microblog/micro/lib/python3.10/site-packages/jinja2/environment.py", line 1301, in render
    self.environment.handle_exception()
  File "/home/nihad/FLASK MICROBLOG/Flask_Microblog/micro/lib/python3.10/site-packages/jinja2/environment.py", line 936, in handle_exception
    raise rewrite_traceback_stack(source=source)
  File "/home/nihad/FLASK MICROBLOG/Flask_Microblog/app/templates/index.html", line 1, in top-level template code
    {% extends "base.html" %}
  File "/home/nihad/FLASK MICROBLOG/Flask_Microblog/app/templates/base.html", line 1, in top-level template code
    {% extends 'bootstrap/base.html' %}
  File "/home/nihad/FLASK MICROBLOG/Flask_Microblog/micro/lib/python3.10/site-packages/flask_bootstrap/templates/bootstrap/base.html", line 1, in top-level template code
    {% block doc -%}
  File "/home/nihad/FLASK MICROBLOG/Flask_Microblog/micro/lib/python3.10/site-packages/flask_bootstrap/templates/bootstrap/base.html", line 4, in block 'doc'
    {%- block html %}
  File "/home/nihad/FLASK MICROBLOG/Flask_Microblog/micro/lib/python3.10/site-packages/flask_bootstrap/templates/bootstrap/base.html", line 20, in block 'html'
    {% block body -%}
  File "/home/nihad/FLASK MICROBLOG/Flask_Microblog/micro/lib/python3.10/site-packages/flask_bootstrap/templates/bootstrap/base.html", line 21, in block 'body'
    {% block navbar %}
  File "/home/nihad/FLASK MICROBLOG/Flask_Microblog/app/templates/base.html", line 17, in block 'navbar'
    <a class="navbar-brand" href="{{ url_for('index') }}">Microblog</a>
  File "/home/nihad/FLASK MICROBLOG/Flask_Microblog/micro/lib/python3.10/site-packages/flask/app.py", line 2031, in url_for
    return self.handle_url_build_error(error, endpoint, values)
  File "/home/nihad/FLASK MICROBLOG/Flask_Microblog/micro/lib/python3.10/site-packages/flask/app.py", line 2020, in url_for
    rv = url_adapter.build(  # type: ignore[union-attr]
  File "/home/nihad/FLASK MICROBLOG/Flask_Microblog/micro/lib/python3.10/site-packages/werkzeug/routing/map.py", line 917, in build
    raise BuildError(endpoint, values, method, self)
werkzeug.routing.exceptions.BuildError: Could not build url for endpoint 'index'. Did you mean 'main.index' instead?
2023-02-01 13:00:35,598 ERROR: Exception on / [GET] [in /home/nihad/FLASK MICROBLOG/Flask_Microblog/micro/lib/python3.10/site-packages/flask/app.py:1741]
Traceback (most recent call last):
  File "/home/nihad/FLASK MICROBLOG/Flask_Microblog/micro/lib/python3.10/site-packages/flask/app.py", line 2525, in wsgi_app
    response = self.full_dispatch_request()
  File "/home/nihad/FLASK MICROBLOG/Flask_Microblog/micro/lib/python3.10/site-packages/flask/app.py", line 1822, in full_dispatch_request
    rv = self.handle_user_exception(e)
  File "/home/nihad/FLASK MICROBLOG/Flask_Microblog/micro/lib/python3.10/site-packages/flask/app.py", line 1820, in full_dispatch_request
    rv = self.dispatch_request()
  File "/home/nihad/FLASK MICROBLOG/Flask_Microblog/micro/lib/python3.10/site-packages/flask/app.py", line 1796, in dispatch_request
    return self.ensure_sync(self.view_functions[rule.endpoint])(**view_args)
  File "/home/nihad/FLASK MICROBLOG/Flask_Microblog/micro/lib/python3.10/site-packages/flask_login/utils.py", line 290, in decorated_view
    return current_app.ensure_sync(func)(*args, **kwargs)
  File "/home/nihad/FLASK MICROBLOG/Flask_Microblog/app/main/routes.py", line 45, in index
    return render_template('index.html', title=_('Home'), form=form,
  File "/home/nihad/FLASK MICROBLOG/Flask_Microblog/micro/lib/python3.10/site-packages/flask/templating.py", line 147, in render_template
    return _render(app, template, context)
  File "/home/nihad/FLASK MICROBLOG/Flask_Microblog/micro/lib/python3.10/site-packages/flask/templating.py", line 130, in _render
    rv = template.render(context)
  File "/home/nihad/FLASK MICROBLOG/Flask_Microblog/micro/lib/python3.10/site-packages/jinja2/environment.py", line 1301, in render
    self.environment.handle_exception()
  File "/home/nihad/FLASK MICROBLOG/Flask_Microblog/micro/lib/python3.10/site-packages/jinja2/environment.py", line 936, in handle_exception
    raise rewrite_traceback_stack(source=source)
  File "/home/nihad/FLASK MICROBLOG/Flask_Microblog/app/templates/index.html", line 1, in top-level template code
    {% extends "base.html" %}
  File "/home/nihad/FLASK MICROBLOG/Flask_Microblog/app/templates/base.html", line 1, in top-level template code
    {% extends 'bootstrap/base.html' %}
  File "/home/nihad/FLASK MICROBLOG/Flask_Microblog/micro/lib/python3.10/site-packages/flask_bootstrap/templates/bootstrap/base.html", line 1, in top-level template code
    {% block doc -%}
  File "/home/nihad/FLASK MICROBLOG/Flask_Microblog/micro/lib/python3.10/site-packages/flask_bootstrap/templates/bootstrap/base.html", line 4, in block 'doc'
    {%- block html %}
  File "/home/nihad/FLASK MICROBLOG/Flask_Microblog/micro/lib/python3.10/site-packages/flask_bootstrap/templates/bootstrap/base.html", line 20, in block 'html'
    {% block body -%}
  File "/home/nihad/FLASK MICROBLOG/Flask_Microblog/micro/lib/python3.10/site-packages/flask_bootstrap/templates/bootstrap/base.html", line 21, in block 'body'
    {% block navbar %}
  File "/home/nihad/FLASK MICROBLOG/Flask_Microblog/app/templates/base.html", line 17, in block 'navbar'
    <a class="navbar-brand" href="{{ url_for('index') }}">Microblog</a>
  File "/home/nihad/FLASK MICROBLOG/Flask_Microblog/micro/lib/python3.10/site-packages/flask/app.py", line 2031, in url_for
    return self.handle_url_build_error(error, endpoint, values)
  File "/home/nihad/FLASK MICROBLOG/Flask_Microblog/micro/lib/python3.10/site-packages/flask/app.py", line 2020, in url_for
    rv = url_adapter.build(  # type: ignore[union-attr]
  File "/home/nihad/FLASK MICROBLOG/Flask_Microblog/micro/lib/python3.10/site-packages/werkzeug/routing/map.py", line 917, in build
    raise BuildError(endpoint, values, method, self)
werkzeug.routing.exceptions.BuildError: Could not build url for endpoint 'index'. Did you mean 'main.index' instead?
2023-02-01 13:00:43,018 INFO: Microblog startup [in /home/nihad/FLASK MICROBLOG/Flask_Microblog/app/__init__.py:75]
2023-02-01 13:01:45,076 INFO: Microblog startup [in /home/nihad/FLASK MICROBLOG/Flask_Microblog/app/__init__.py:75]
2023-02-01 15:04:55,057 INFO: Microblog startup [in /home/nihad/FLASK MICROBLOG/Flask_Microblog/app/__init__.py:80]
2023-02-01 16:05:24,047 INFO: Microblog startup [in /home/nihad/FLASK MICROBLOG/Flask_Microblog/app/__init__.py:80]
